{"D:\\DevOps\\expense-tracker\\backend\\src\\app.js": {"path":"D:\\DevOps\\expense-tracker\\backend\\src\\app.js","statementMap":{"0":{"start":{"line":1,"column":16},"end":{"line":1,"column":34}},"1":{"start":{"line":2,"column":13},"end":{"line":2,"column":28}},"2":{"start":{"line":4,"column":19},"end":{"line":4,"column":50}},"3":{"start":{"line":5,"column":23},"end":{"line":5,"column":58}},"4":{"start":{"line":6,"column":27},"end":{"line":6,"column":66}},"5":{"start":{"line":7,"column":24},"end":{"line":7,"column":60}},"6":{"start":{"line":8,"column":20},"end":{"line":8,"column":52}},"7":{"start":{"line":10,"column":12},"end":{"line":10,"column":21}},"8":{"start":{"line":12,"column":0},"end":{"line":12,"column":16}},"9":{"start":{"line":13,"column":0},"end":{"line":13,"column":24}},"10":{"start":{"line":15,"column":0},"end":{"line":17,"column":3}},"11":{"start":{"line":16,"column":2},"end":{"line":16,"column":29}},"12":{"start":{"line":19,"column":0},"end":{"line":19,"column":33}},"13":{"start":{"line":20,"column":0},"end":{"line":20,"column":43}},"14":{"start":{"line":21,"column":0},"end":{"line":21,"column":49}},"15":{"start":{"line":22,"column":0},"end":{"line":22,"column":43}},"16":{"start":{"line":23,"column":0},"end":{"line":23,"column":35}},"17":{"start":{"line":25,"column":0},"end":{"line":27,"column":3}},"18":{"start":{"line":26,"column":2},"end":{"line":26,"column":55}},"19":{"start":{"line":29,"column":0},"end":{"line":32,"column":3}},"20":{"start":{"line":30,"column":2},"end":{"line":30,"column":21}},"21":{"start":{"line":31,"column":2},"end":{"line":31,"column":61}},"22":{"start":{"line":34,"column":0},"end":{"line":34,"column":21}}},"fnMap":{"0":{"name":"(anonymous_0)","decl":{"start":{"line":15,"column":23},"end":{"line":15,"column":24}},"loc":{"start":{"line":15,"column":37},"end":{"line":17,"column":1}},"line":15},"1":{"name":"(anonymous_1)","decl":{"start":{"line":25,"column":8},"end":{"line":25,"column":9}},"loc":{"start":{"line":25,"column":22},"end":{"line":27,"column":1}},"line":25},"2":{"name":"(anonymous_2)","decl":{"start":{"line":29,"column":8},"end":{"line":29,"column":9}},"loc":{"start":{"line":29,"column":34},"end":{"line":32,"column":1}},"line":29}},"branchMap":{},"s":{"0":1,"1":1,"2":1,"3":1,"4":1,"5":1,"6":1,"7":1,"8":1,"9":1,"10":1,"11":1,"12":1,"13":1,"14":1,"15":1,"16":1,"17":1,"18":1,"19":1,"20":0,"21":0,"22":1},"f":{"0":1,"1":1,"2":0},"b":{},"_coverageSchema":"1a1c01bbd47fc00a2c39e90264f33305004495a9","hash":"c2d9eb3a50832280a03334de26257fa6d9433935"}
,"D:\\DevOps\\expense-tracker\\backend\\src\\db.js": {"path":"D:\\DevOps\\expense-tracker\\backend\\src\\db.js","statementMap":{"0":{"start":{"line":1,"column":17},"end":{"line":1,"column":30}},"1":{"start":{"line":2,"column":0},"end":{"line":2,"column":27}},"2":{"start":{"line":4,"column":13},"end":{"line":10,"column":2}},"3":{"start":{"line":12,"column":0},"end":{"line":12,"column":22}}},"fnMap":{},"branchMap":{},"s":{"0":1,"1":1,"2":1,"3":1},"f":{},"b":{},"_coverageSchema":"1a1c01bbd47fc00a2c39e90264f33305004495a9","hash":"eed77682a8da36c9b749177965fcf73d82e65d02"}
,"D:\\DevOps\\expense-tracker\\backend\\src\\controllers\\auth.controller.js": {"path":"D:\\DevOps\\expense-tracker\\backend\\src\\controllers\\auth.controller.js","statementMap":{"0":{"start":{"line":1,"column":15},"end":{"line":1,"column":32}},"1":{"start":{"line":2,"column":12},"end":{"line":2,"column":35}},"2":{"start":{"line":3,"column":13},"end":{"line":3,"column":29}},"3":{"start":{"line":5,"column":20},"end":{"line":5,"column":48}},"4":{"start":{"line":6,"column":20},"end":{"line":6,"column":22}},"5":{"start":{"line":9,"column":2},"end":{"line":9,"column":50}},"6":{"start":{"line":13,"column":2},"end":{"line":18,"column":4}},"7":{"start":{"line":22,"column":20},"end":{"line":22,"column":74}},"8":{"start":{"line":24,"column":2},"end":{"line":31,"column":4}},"9":{"start":{"line":35,"column":2},"end":{"line":84,"column":3}},"10":{"start":{"line":36,"column":17},"end":{"line":36,"column":51}},"11":{"start":{"line":37,"column":18},"end":{"line":37,"column":48}},"12":{"start":{"line":38,"column":21},"end":{"line":38,"column":52}},"13":{"start":{"line":40,"column":4},"end":{"line":44,"column":5}},"14":{"start":{"line":41,"column":6},"end":{"line":43,"column":9}},"15":{"start":{"line":46,"column":4},"end":{"line":48,"column":5}},"16":{"start":{"line":47,"column":6},"end":{"line":47,"column":67}},"17":{"start":{"line":50,"column":4},"end":{"line":54,"column":5}},"18":{"start":{"line":51,"column":6},"end":{"line":53,"column":9}},"19":{"start":{"line":56,"column":25},"end":{"line":59,"column":5}},"20":{"start":{"line":61,"column":4},"end":{"line":63,"column":5}},"21":{"start":{"line":62,"column":6},"end":{"line":62,"column":78}},"22":{"start":{"line":65,"column":27},"end":{"line":65,"column":67}},"23":{"start":{"line":67,"column":24},"end":{"line":72,"column":5}},"24":{"start":{"line":74,"column":17},"end":{"line":74,"column":36}},"25":{"start":{"line":75,"column":18},"end":{"line":75,"column":33}},"26":{"start":{"line":77,"column":4},"end":{"line":81,"column":7}},"27":{"start":{"line":83,"column":4},"end":{"line":83,"column":23}},"28":{"start":{"line":88,"column":2},"end":{"line":127,"column":3}},"29":{"start":{"line":89,"column":18},"end":{"line":89,"column":48}},"30":{"start":{"line":90,"column":21},"end":{"line":90,"column":52}},"31":{"start":{"line":92,"column":4},"end":{"line":96,"column":5}},"32":{"start":{"line":93,"column":6},"end":{"line":95,"column":9}},"33":{"start":{"line":98,"column":4},"end":{"line":100,"column":5}},"34":{"start":{"line":99,"column":6},"end":{"line":99,"column":67}},"35":{"start":{"line":102,"column":23},"end":{"line":105,"column":5}},"36":{"start":{"line":107,"column":4},"end":{"line":109,"column":5}},"37":{"start":{"line":108,"column":6},"end":{"line":108,"column":81}},"38":{"start":{"line":111,"column":17},"end":{"line":111,"column":35}},"39":{"start":{"line":112,"column":28},"end":{"line":112,"column":73}},"40":{"start":{"line":114,"column":4},"end":{"line":116,"column":5}},"41":{"start":{"line":115,"column":6},"end":{"line":115,"column":81}},"42":{"start":{"line":118,"column":18},"end":{"line":118,"column":33}},"43":{"start":{"line":120,"column":4},"end":{"line":124,"column":7}},"44":{"start":{"line":126,"column":4},"end":{"line":126,"column":23}},"45":{"start":{"line":131,"column":2},"end":{"line":146,"column":3}},"46":{"start":{"line":132,"column":23},"end":{"line":135,"column":5}},"47":{"start":{"line":137,"column":4},"end":{"line":139,"column":5}},"48":{"start":{"line":138,"column":6},"end":{"line":138,"column":65}},"49":{"start":{"line":141,"column":4},"end":{"line":143,"column":7}},"50":{"start":{"line":145,"column":4},"end":{"line":145,"column":23}},"51":{"start":{"line":149,"column":0},"end":{"line":153,"column":2}}},"fnMap":{"0":{"name":"normalizeEmail","decl":{"start":{"line":8,"column":9},"end":{"line":8,"column":23}},"loc":{"start":{"line":8,"column":31},"end":{"line":10,"column":1}},"line":8},"1":{"name":"buildUserResponse","decl":{"start":{"line":12,"column":9},"end":{"line":12,"column":26}},"loc":{"start":{"line":12,"column":33},"end":{"line":19,"column":1}},"line":12},"2":{"name":"signToken","decl":{"start":{"line":21,"column":9},"end":{"line":21,"column":18}},"loc":{"start":{"line":21,"column":25},"end":{"line":32,"column":1}},"line":21},"3":{"name":"register","decl":{"start":{"line":34,"column":15},"end":{"line":34,"column":23}},"loc":{"start":{"line":34,"column":40},"end":{"line":85,"column":1}},"line":34},"4":{"name":"login","decl":{"start":{"line":87,"column":15},"end":{"line":87,"column":20}},"loc":{"start":{"line":87,"column":37},"end":{"line":128,"column":1}},"line":87},"5":{"name":"getMe","decl":{"start":{"line":130,"column":15},"end":{"line":130,"column":20}},"loc":{"start":{"line":130,"column":37},"end":{"line":147,"column":1}},"line":130}},"branchMap":{"0":{"loc":{"start":{"line":9,"column":16},"end":{"line":9,"column":27}},"type":"binary-expr","locations":[{"start":{"line":9,"column":16},"end":{"line":9,"column":21}},{"start":{"line":9,"column":25},"end":{"line":9,"column":27}}],"line":9},"1":{"loc":{"start":{"line":22,"column":20},"end":{"line":22,"column":74}},"type":"binary-expr","locations":[{"start":{"line":22,"column":20},"end":{"line":22,"column":42}},{"start":{"line":22,"column":46},"end":{"line":22,"column":74}}],"line":22},"2":{"loc":{"start":{"line":30,"column":17},"end":{"line":30,"column":51}},"type":"binary-expr","locations":[{"start":{"line":30,"column":17},"end":{"line":30,"column":43}},{"start":{"line":30,"column":47},"end":{"line":30,"column":51}}],"line":30},"3":{"loc":{"start":{"line":36,"column":24},"end":{"line":36,"column":43}},"type":"binary-expr","locations":[{"start":{"line":36,"column":24},"end":{"line":36,"column":37}},{"start":{"line":36,"column":41},"end":{"line":36,"column":43}}],"line":36},"4":{"loc":{"start":{"line":38,"column":28},"end":{"line":38,"column":51}},"type":"binary-expr","locations":[{"start":{"line":38,"column":28},"end":{"line":38,"column":45}},{"start":{"line":38,"column":49},"end":{"line":38,"column":51}}],"line":38},"5":{"loc":{"start":{"line":40,"column":4},"end":{"line":44,"column":5}},"type":"if","locations":[{"start":{"line":40,"column":4},"end":{"line":44,"column":5}},{"start":{},"end":{}}],"line":40},"6":{"loc":{"start":{"line":40,"column":8},"end":{"line":40,"column":36}},"type":"binary-expr","locations":[{"start":{"line":40,"column":8},"end":{"line":40,"column":13}},{"start":{"line":40,"column":17},"end":{"line":40,"column":23}},{"start":{"line":40,"column":27},"end":{"line":40,"column":36}}],"line":40},"7":{"loc":{"start":{"line":46,"column":4},"end":{"line":48,"column":5}},"type":"if","locations":[{"start":{"line":46,"column":4},"end":{"line":48,"column":5}},{"start":{},"end":{}}],"line":46},"8":{"loc":{"start":{"line":50,"column":4},"end":{"line":54,"column":5}},"type":"if","locations":[{"start":{"line":50,"column":4},"end":{"line":54,"column":5}},{"start":{},"end":{}}],"line":50},"9":{"loc":{"start":{"line":61,"column":4},"end":{"line":63,"column":5}},"type":"if","locations":[{"start":{"line":61,"column":4},"end":{"line":63,"column":5}},{"start":{},"end":{}}],"line":61},"10":{"loc":{"start":{"line":90,"column":28},"end":{"line":90,"column":51}},"type":"binary-expr","locations":[{"start":{"line":90,"column":28},"end":{"line":90,"column":45}},{"start":{"line":90,"column":49},"end":{"line":90,"column":51}}],"line":90},"11":{"loc":{"start":{"line":92,"column":4},"end":{"line":96,"column":5}},"type":"if","locations":[{"start":{"line":92,"column":4},"end":{"line":96,"column":5}},{"start":{},"end":{}}],"line":92},"12":{"loc":{"start":{"line":92,"column":8},"end":{"line":92,"column":27}},"type":"binary-expr","locations":[{"start":{"line":92,"column":8},"end":{"line":92,"column":14}},{"start":{"line":92,"column":18},"end":{"line":92,"column":27}}],"line":92},"13":{"loc":{"start":{"line":98,"column":4},"end":{"line":100,"column":5}},"type":"if","locations":[{"start":{"line":98,"column":4},"end":{"line":100,"column":5}},{"start":{},"end":{}}],"line":98},"14":{"loc":{"start":{"line":107,"column":4},"end":{"line":109,"column":5}},"type":"if","locations":[{"start":{"line":107,"column":4},"end":{"line":109,"column":5}},{"start":{},"end":{}}],"line":107},"15":{"loc":{"start":{"line":114,"column":4},"end":{"line":116,"column":5}},"type":"if","locations":[{"start":{"line":114,"column":4},"end":{"line":116,"column":5}},{"start":{},"end":{}}],"line":114},"16":{"loc":{"start":{"line":137,"column":4},"end":{"line":139,"column":5}},"type":"if","locations":[{"start":{"line":137,"column":4},"end":{"line":139,"column":5}},{"start":{},"end":{}}],"line":137}},"s":{"0":2,"1":2,"2":2,"3":2,"4":2,"5":11,"6":3,"7":2,"8":2,"9":6,"10":6,"11":6,"12":6,"13":6,"14":1,"15":5,"16":1,"17":4,"18":1,"19":3,"20":2,"21":1,"22":1,"23":1,"24":1,"25":1,"26":1,"27":1,"28":5,"29":5,"30":5,"31":5,"32":1,"33":4,"34":1,"35":3,"36":3,"37":1,"38":2,"39":2,"40":2,"41":1,"42":1,"43":1,"44":0,"45":2,"46":2,"47":2,"48":1,"49":1,"50":0,"51":2},"f":{"0":11,"1":3,"2":2,"3":6,"4":5,"5":2},"b":{"0":[11,2],"1":[2,0],"2":[2,2],"3":[6,1],"4":[6,1],"5":[1,5],"6":[6,5,5],"7":[1,4],"8":[1,3],"9":[1,1],"10":[5,1],"11":[1,4],"12":[5,4],"13":[1,3],"14":[1,2],"15":[1,1],"16":[1,1]},"_coverageSchema":"1a1c01bbd47fc00a2c39e90264f33305004495a9","hash":"81b70bd33742383d57f88cbc13de10e8d5c2edb3"}
,"D:\\DevOps\\expense-tracker\\backend\\src\\controllers\\category.controller.js": {"path":"D:\\DevOps\\expense-tracker\\backend\\src\\controllers\\category.controller.js","statementMap":{"0":{"start":{"line":1,"column":13},"end":{"line":1,"column":29}},"1":{"start":{"line":5,"column":2},"end":{"line":17,"column":3}},"2":{"start":{"line":6,"column":19},"end":{"line":6,"column":34}},"3":{"start":{"line":7,"column":19},"end":{"line":13,"column":5}},"4":{"start":{"line":14,"column":4},"end":{"line":14,"column":49}},"5":{"start":{"line":16,"column":4},"end":{"line":16,"column":23}},"6":{"start":{"line":22,"column":2},"end":{"line":59,"column":3}},"7":{"start":{"line":23,"column":19},"end":{"line":23,"column":34}},"8":{"start":{"line":24,"column":17},"end":{"line":24,"column":51}},"9":{"start":{"line":25,"column":17},"end":{"line":25,"column":51}},"10":{"start":{"line":26,"column":18},"end":{"line":26,"column":60}},"11":{"start":{"line":27,"column":17},"end":{"line":27,"column":53}},"12":{"start":{"line":29,"column":4},"end":{"line":31,"column":5}},"13":{"start":{"line":30,"column":6},"end":{"line":30,"column":76}},"14":{"start":{"line":33,"column":4},"end":{"line":35,"column":5}},"15":{"start":{"line":34,"column":6},"end":{"line":34,"column":85}},"16":{"start":{"line":38,"column":21},"end":{"line":41,"column":5}},"17":{"start":{"line":42,"column":4},"end":{"line":44,"column":5}},"18":{"start":{"line":43,"column":6},"end":{"line":43,"column":74}},"19":{"start":{"line":46,"column":19},"end":{"line":51,"column":5}},"20":{"start":{"line":53,"column":4},"end":{"line":56,"column":7}},"21":{"start":{"line":58,"column":4},"end":{"line":58,"column":23}},"22":{"start":{"line":64,"column":2},"end":{"line":108,"column":3}},"23":{"start":{"line":65,"column":19},"end":{"line":65,"column":34}},"24":{"start":{"line":66,"column":23},"end":{"line":66,"column":50}},"25":{"start":{"line":68,"column":4},"end":{"line":70,"column":5}},"26":{"start":{"line":69,"column":6},"end":{"line":69,"column":70}},"27":{"start":{"line":72,"column":17},"end":{"line":72,"column":51}},"28":{"start":{"line":73,"column":17},"end":{"line":73,"column":51}},"29":{"start":{"line":74,"column":18},"end":{"line":74,"column":53}},"30":{"start":{"line":75,"column":17},"end":{"line":75,"column":51}},"31":{"start":{"line":77,"column":4},"end":{"line":79,"column":5}},"32":{"start":{"line":78,"column":6},"end":{"line":78,"column":76}},"33":{"start":{"line":81,"column":4},"end":{"line":83,"column":5}},"34":{"start":{"line":82,"column":6},"end":{"line":82,"column":85}},"35":{"start":{"line":86,"column":21},"end":{"line":89,"column":5}},"36":{"start":{"line":90,"column":4},"end":{"line":92,"column":5}},"37":{"start":{"line":91,"column":6},"end":{"line":91,"column":69}},"38":{"start":{"line":94,"column":19},"end":{"line":100,"column":5}},"39":{"start":{"line":102,"column":4},"end":{"line":105,"column":7}},"40":{"start":{"line":107,"column":4},"end":{"line":107,"column":23}},"41":{"start":{"line":113,"column":2},"end":{"line":133,"column":3}},"42":{"start":{"line":114,"column":19},"end":{"line":114,"column":34}},"43":{"start":{"line":115,"column":23},"end":{"line":115,"column":50}},"44":{"start":{"line":117,"column":4},"end":{"line":119,"column":5}},"45":{"start":{"line":118,"column":6},"end":{"line":118,"column":70}},"46":{"start":{"line":121,"column":19},"end":{"line":124,"column":5}},"47":{"start":{"line":126,"column":4},"end":{"line":128,"column":5}},"48":{"start":{"line":127,"column":6},"end":{"line":127,"column":69}},"49":{"start":{"line":130,"column":4},"end":{"line":130,"column":66}},"50":{"start":{"line":132,"column":4},"end":{"line":132,"column":23}},"51":{"start":{"line":136,"column":0},"end":{"line":141,"column":2}}},"fnMap":{"0":{"name":"getCategories","decl":{"start":{"line":4,"column":15},"end":{"line":4,"column":28}},"loc":{"start":{"line":4,"column":45},"end":{"line":18,"column":1}},"line":4},"1":{"name":"createCategory","decl":{"start":{"line":21,"column":15},"end":{"line":21,"column":29}},"loc":{"start":{"line":21,"column":46},"end":{"line":60,"column":1}},"line":21},"2":{"name":"updateCategory","decl":{"start":{"line":63,"column":15},"end":{"line":63,"column":29}},"loc":{"start":{"line":63,"column":46},"end":{"line":109,"column":1}},"line":63},"3":{"name":"deleteCategory","decl":{"start":{"line":112,"column":15},"end":{"line":112,"column":29}},"loc":{"start":{"line":112,"column":46},"end":{"line":134,"column":1}},"line":112}},"branchMap":{"0":{"loc":{"start":{"line":24,"column":24},"end":{"line":24,"column":43}},"type":"binary-expr","locations":[{"start":{"line":24,"column":24},"end":{"line":24,"column":37}},{"start":{"line":24,"column":41},"end":{"line":24,"column":43}}],"line":24},"1":{"loc":{"start":{"line":25,"column":24},"end":{"line":25,"column":43}},"type":"binary-expr","locations":[{"start":{"line":25,"column":24},"end":{"line":25,"column":37}},{"start":{"line":25,"column":41},"end":{"line":25,"column":43}}],"line":25},"2":{"loc":{"start":{"line":26,"column":25},"end":{"line":26,"column":52}},"type":"binary-expr","locations":[{"start":{"line":26,"column":25},"end":{"line":26,"column":39}},{"start":{"line":26,"column":43},"end":{"line":26,"column":52}}],"line":26},"3":{"loc":{"start":{"line":27,"column":24},"end":{"line":27,"column":45}},"type":"binary-expr","locations":[{"start":{"line":27,"column":24},"end":{"line":27,"column":37}},{"start":{"line":27,"column":41},"end":{"line":27,"column":45}}],"line":27},"4":{"loc":{"start":{"line":29,"column":4},"end":{"line":31,"column":5}},"type":"if","locations":[{"start":{"line":29,"column":4},"end":{"line":31,"column":5}},{"start":{},"end":{}}],"line":29},"5":{"loc":{"start":{"line":33,"column":4},"end":{"line":35,"column":5}},"type":"if","locations":[{"start":{"line":33,"column":4},"end":{"line":35,"column":5}},{"start":{},"end":{}}],"line":33},"6":{"loc":{"start":{"line":42,"column":4},"end":{"line":44,"column":5}},"type":"if","locations":[{"start":{"line":42,"column":4},"end":{"line":44,"column":5}},{"start":{},"end":{}}],"line":42},"7":{"loc":{"start":{"line":68,"column":4},"end":{"line":70,"column":5}},"type":"if","locations":[{"start":{"line":68,"column":4},"end":{"line":70,"column":5}},{"start":{},"end":{}}],"line":68},"8":{"loc":{"start":{"line":68,"column":8},"end":{"line":68,"column":40}},"type":"binary-expr","locations":[{"start":{"line":68,"column":8},"end":{"line":68,"column":19}},{"start":{"line":68,"column":23},"end":{"line":68,"column":40}}],"line":68},"9":{"loc":{"start":{"line":72,"column":24},"end":{"line":72,"column":43}},"type":"binary-expr","locations":[{"start":{"line":72,"column":24},"end":{"line":72,"column":37}},{"start":{"line":72,"column":41},"end":{"line":72,"column":43}}],"line":72},"10":{"loc":{"start":{"line":73,"column":24},"end":{"line":73,"column":43}},"type":"binary-expr","locations":[{"start":{"line":73,"column":24},"end":{"line":73,"column":37}},{"start":{"line":73,"column":41},"end":{"line":73,"column":43}}],"line":73},"11":{"loc":{"start":{"line":74,"column":25},"end":{"line":74,"column":45}},"type":"binary-expr","locations":[{"start":{"line":74,"column":25},"end":{"line":74,"column":39}},{"start":{"line":74,"column":43},"end":{"line":74,"column":45}}],"line":74},"12":{"loc":{"start":{"line":75,"column":24},"end":{"line":75,"column":43}},"type":"binary-expr","locations":[{"start":{"line":75,"column":24},"end":{"line":75,"column":37}},{"start":{"line":75,"column":41},"end":{"line":75,"column":43}}],"line":75},"13":{"loc":{"start":{"line":77,"column":4},"end":{"line":79,"column":5}},"type":"if","locations":[{"start":{"line":77,"column":4},"end":{"line":79,"column":5}},{"start":{},"end":{}}],"line":77},"14":{"loc":{"start":{"line":81,"column":4},"end":{"line":83,"column":5}},"type":"if","locations":[{"start":{"line":81,"column":4},"end":{"line":83,"column":5}},{"start":{},"end":{}}],"line":81},"15":{"loc":{"start":{"line":90,"column":4},"end":{"line":92,"column":5}},"type":"if","locations":[{"start":{"line":90,"column":4},"end":{"line":92,"column":5}},{"start":{},"end":{}}],"line":90},"16":{"loc":{"start":{"line":99,"column":19},"end":{"line":99,"column":37}},"type":"binary-expr","locations":[{"start":{"line":99,"column":19},"end":{"line":99,"column":24}},{"start":{"line":99,"column":28},"end":{"line":99,"column":37}}],"line":99},"17":{"loc":{"start":{"line":99,"column":39},"end":{"line":99,"column":51}},"type":"binary-expr","locations":[{"start":{"line":99,"column":39},"end":{"line":99,"column":43}},{"start":{"line":99,"column":47},"end":{"line":99,"column":51}}],"line":99},"18":{"loc":{"start":{"line":117,"column":4},"end":{"line":119,"column":5}},"type":"if","locations":[{"start":{"line":117,"column":4},"end":{"line":119,"column":5}},{"start":{},"end":{}}],"line":117},"19":{"loc":{"start":{"line":117,"column":8},"end":{"line":117,"column":40}},"type":"binary-expr","locations":[{"start":{"line":117,"column":8},"end":{"line":117,"column":19}},{"start":{"line":117,"column":23},"end":{"line":117,"column":40}}],"line":117},"20":{"loc":{"start":{"line":126,"column":4},"end":{"line":128,"column":5}},"type":"if","locations":[{"start":{"line":126,"column":4},"end":{"line":128,"column":5}},{"start":{},"end":{}}],"line":126}},"s":{"0":2,"1":2,"2":2,"3":2,"4":1,"5":1,"6":4,"7":4,"8":4,"9":4,"10":4,"11":4,"12":4,"13":1,"14":3,"15":1,"16":2,"17":2,"18":1,"19":1,"20":1,"21":0,"22":4,"23":4,"24":4,"25":4,"26":1,"27":3,"28":3,"29":3,"30":3,"31":3,"32":1,"33":2,"34":0,"35":2,"36":2,"37":1,"38":1,"39":1,"40":0,"41":3,"42":3,"43":3,"44":3,"45":1,"46":2,"47":2,"48":1,"49":1,"50":0,"51":2},"f":{"0":2,"1":4,"2":4,"3":3},"b":{"0":[4,1],"1":[4,0],"2":[4,4],"3":[4,4],"4":[1,3],"5":[1,2],"6":[1,1],"7":[1,3],"8":[4,3],"9":[3,1],"10":[3,0],"11":[3,3],"12":[3,3],"13":[1,2],"14":[0,2],"15":[1,1],"16":[1,1],"17":[1,1],"18":[1,2],"19":[3,2],"20":[1,1]},"_coverageSchema":"1a1c01bbd47fc00a2c39e90264f33305004495a9","hash":"62660427c503d9a282ede19929cc5d0049a45f39"}
,"D:\\DevOps\\expense-tracker\\backend\\src\\controllers\\dashboard.controller.js": {"path":"D:\\DevOps\\expense-tracker\\backend\\src\\controllers\\dashboard.controller.js","statementMap":{"0":{"start":{"line":1,"column":13},"end":{"line":1,"column":29}},"1":{"start":{"line":5,"column":2},"end":{"line":27,"column":3}},"2":{"start":{"line":6,"column":19},"end":{"line":6,"column":34}},"3":{"start":{"line":8,"column":19},"end":{"line":15,"column":5}},"4":{"start":{"line":17,"column":44},"end":{"line":17,"column":58}},"5":{"start":{"line":18,"column":20},"end":{"line":18,"column":72}},"6":{"start":{"line":20,"column":4},"end":{"line":24,"column":7}},"7":{"start":{"line":26,"column":4},"end":{"line":26,"column":23}},"8":{"start":{"line":30,"column":0},"end":{"line":30,"column":34}}},"fnMap":{"0":{"name":"getDashboard","decl":{"start":{"line":4,"column":15},"end":{"line":4,"column":27}},"loc":{"start":{"line":4,"column":44},"end":{"line":28,"column":1}},"line":4}},"branchMap":{},"s":{"0":1,"1":0,"2":0,"3":0,"4":0,"5":0,"6":0,"7":0,"8":1},"f":{"0":0},"b":{},"_coverageSchema":"1a1c01bbd47fc00a2c39e90264f33305004495a9","hash":"c55edd74eac687a30a91fbeb3af222fbb26aa538"}
,"D:\\DevOps\\expense-tracker\\backend\\src\\controllers\\stats.controller.js": {"path":"D:\\DevOps\\expense-tracker\\backend\\src\\controllers\\stats.controller.js","statementMap":{"0":{"start":{"line":1,"column":13},"end":{"line":1,"column":29}},"1":{"start":{"line":9,"column":2},"end":{"line":147,"column":3}},"2":{"start":{"line":10,"column":19},"end":{"line":10,"column":34}},"3":{"start":{"line":11,"column":41},"end":{"line":11,"column":50}},"4":{"start":{"line":14,"column":29},"end":{"line":14,"column":45}},"5":{"start":{"line":15,"column":17},"end":{"line":15,"column":25}},"6":{"start":{"line":16,"column":21},"end":{"line":16,"column":22}},"7":{"start":{"line":18,"column":4},"end":{"line":23,"column":5}},"8":{"start":{"line":19,"column":31},"end":{"line":19,"column":47}},"9":{"start":{"line":20,"column":6},"end":{"line":20,"column":142}},"10":{"start":{"line":21,"column":6},"end":{"line":21,"column":34}},"11":{"start":{"line":22,"column":6},"end":{"line":22,"column":22}},"12":{"start":{"line":25,"column":4},"end":{"line":29,"column":5}},"13":{"start":{"line":26,"column":6},"end":{"line":26,"column":66}},"14":{"start":{"line":27,"column":6},"end":{"line":27,"column":31}},"15":{"start":{"line":28,"column":6},"end":{"line":28,"column":22}},"16":{"start":{"line":31,"column":4},"end":{"line":35,"column":5}},"17":{"start":{"line":32,"column":6},"end":{"line":32,"column":59}},"18":{"start":{"line":33,"column":6},"end":{"line":33,"column":24}},"19":{"start":{"line":34,"column":6},"end":{"line":34,"column":22}},"20":{"start":{"line":38,"column":23},"end":{"line":45,"column":5}},"21":{"start":{"line":47,"column":24},"end":{"line":47,"column":60}},"22":{"start":{"line":49,"column":6},"end":{"line":49,"column":25}},"23":{"start":{"line":50,"column":20},"end":{"line":50,"column":72}},"24":{"start":{"line":53,"column":26},"end":{"line":66,"column":5}},"25":{"start":{"line":68,"column":27},"end":{"line":68,"column":66}},"26":{"start":{"line":71,"column":24},"end":{"line":84,"column":5}},"27":{"start":{"line":86,"column":25},"end":{"line":86,"column":62}},"28":{"start":{"line":89,"column":24},"end":{"line":101,"column":5}},"29":{"start":{"line":103,"column":25},"end":{"line":103,"column":64}},"30":{"start":{"line":106,"column":23},"end":{"line":115,"column":5}},"31":{"start":{"line":117,"column":24},"end":{"line":117,"column":62}},"32":{"start":{"line":119,"column":4},"end":{"line":144,"column":7}},"33":{"start":{"line":126,"column":62},"end":{"line":129,"column":7}},"34":{"start":{"line":130,"column":58},"end":{"line":133,"column":7}},"35":{"start":{"line":134,"column":54},"end":{"line":138,"column":7}},"36":{"start":{"line":139,"column":52},"end":{"line":143,"column":7}},"37":{"start":{"line":146,"column":4},"end":{"line":146,"column":23}},"38":{"start":{"line":150,"column":0},"end":{"line":150,"column":30}}},"fnMap":{"0":{"name":"getStats","decl":{"start":{"line":8,"column":15},"end":{"line":8,"column":23}},"loc":{"start":{"line":8,"column":40},"end":{"line":148,"column":1}},"line":8},"1":{"name":"(anonymous_1)","decl":{"start":{"line":126,"column":52},"end":{"line":126,"column":53}},"loc":{"start":{"line":126,"column":62},"end":{"line":129,"column":7}},"line":126},"2":{"name":"(anonymous_2)","decl":{"start":{"line":130,"column":48},"end":{"line":130,"column":49}},"loc":{"start":{"line":130,"column":58},"end":{"line":133,"column":7}},"line":130},"3":{"name":"(anonymous_3)","decl":{"start":{"line":134,"column":44},"end":{"line":134,"column":45}},"loc":{"start":{"line":134,"column":54},"end":{"line":138,"column":7}},"line":134},"4":{"name":"(anonymous_4)","decl":{"start":{"line":139,"column":42},"end":{"line":139,"column":43}},"loc":{"start":{"line":139,"column":52},"end":{"line":143,"column":7}},"line":139}},"branchMap":{"0":{"loc":{"start":{"line":18,"column":4},"end":{"line":23,"column":5}},"type":"if","locations":[{"start":{"line":18,"column":4},"end":{"line":23,"column":5}},{"start":{},"end":{}}],"line":18},"1":{"loc":{"start":{"line":25,"column":4},"end":{"line":29,"column":5}},"type":"if","locations":[{"start":{"line":25,"column":4},"end":{"line":29,"column":5}},{"start":{},"end":{}}],"line":25},"2":{"loc":{"start":{"line":31,"column":4},"end":{"line":35,"column":5}},"type":"if","locations":[{"start":{"line":31,"column":4},"end":{"line":35,"column":5}},{"start":{},"end":{}}],"line":31},"3":{"loc":{"start":{"line":31,"column":8},"end":{"line":31,"column":57}},"type":"binary-expr","locations":[{"start":{"line":31,"column":8},"end":{"line":31,"column":12}},{"start":{"line":31,"column":17},"end":{"line":31,"column":34}},{"start":{"line":31,"column":38},"end":{"line":31,"column":56}}],"line":31}},"s":{"0":1,"1":0,"2":0,"3":0,"4":0,"5":0,"6":0,"7":0,"8":0,"9":0,"10":0,"11":0,"12":0,"13":0,"14":0,"15":0,"16":0,"17":0,"18":0,"19":0,"20":0,"21":0,"22":0,"23":0,"24":0,"25":0,"26":0,"27":0,"28":0,"29":0,"30":0,"31":0,"32":0,"33":0,"34":0,"35":0,"36":0,"37":0,"38":1},"f":{"0":0,"1":0,"2":0,"3":0,"4":0},"b":{"0":[0,0],"1":[0,0],"2":[0,0],"3":[0,0,0]},"_coverageSchema":"1a1c01bbd47fc00a2c39e90264f33305004495a9","hash":"9a2ea49ef3db5623cc15db19c31331d3e9f2f2b4"}
,"D:\\DevOps\\expense-tracker\\backend\\src\\controllers\\transactions.controller.js": {"path":"D:\\DevOps\\expense-tracker\\backend\\src\\controllers\\transactions.controller.js","statementMap":{"0":{"start":{"line":1,"column":13},"end":{"line":1,"column":29}},"1":{"start":{"line":4,"column":2},"end":{"line":41,"column":3}},"2":{"start":{"line":5,"column":19},"end":{"line":5,"column":34}},"3":{"start":{"line":6,"column":66},"end":{"line":6,"column":74}},"4":{"start":{"line":8,"column":4},"end":{"line":12,"column":5}},"5":{"start":{"line":9,"column":6},"end":{"line":11,"column":9}},"6":{"start":{"line":14,"column":4},"end":{"line":16,"column":5}},"7":{"start":{"line":15,"column":6},"end":{"line":15,"column":81}},"8":{"start":{"line":19,"column":26},"end":{"line":22,"column":5}},"9":{"start":{"line":24,"column":4},"end":{"line":26,"column":5}},"10":{"start":{"line":25,"column":6},"end":{"line":25,"column":70}},"11":{"start":{"line":28,"column":22},"end":{"line":33,"column":5}},"12":{"start":{"line":35,"column":4},"end":{"line":38,"column":7}},"13":{"start":{"line":40,"column":4},"end":{"line":40,"column":23}},"14":{"start":{"line":45,"column":2},"end":{"line":137,"column":3}},"15":{"start":{"line":46,"column":19},"end":{"line":46,"column":34}},"16":{"start":{"line":47,"column":112},"end":{"line":47,"column":121}},"17":{"start":{"line":49,"column":19},"end":{"line":49,"column":65}},"18":{"start":{"line":50,"column":24},"end":{"line":50,"column":43}},"19":{"start":{"line":52,"column":22},"end":{"line":52,"column":30}},"20":{"start":{"line":53,"column":23},"end":{"line":53,"column":39}},"21":{"start":{"line":54,"column":21},"end":{"line":54,"column":22}},"22":{"start":{"line":56,"column":4},"end":{"line":61,"column":5}},"23":{"start":{"line":58,"column":21},"end":{"line":58,"column":37}},"24":{"start":{"line":59,"column":6},"end":{"line":59,"column":142}},"25":{"start":{"line":60,"column":6},"end":{"line":60,"column":29}},"26":{"start":{"line":63,"column":4},"end":{"line":66,"column":5}},"27":{"start":{"line":64,"column":6},"end":{"line":64,"column":58}},"28":{"start":{"line":65,"column":6},"end":{"line":65,"column":36}},"29":{"start":{"line":68,"column":4},"end":{"line":71,"column":5}},"30":{"start":{"line":69,"column":6},"end":{"line":69,"column":51}},"31":{"start":{"line":70,"column":6},"end":{"line":70,"column":29}},"32":{"start":{"line":73,"column":24},"end":{"line":73,"column":50}},"33":{"start":{"line":76,"column":26},"end":{"line":76,"column":70}},"34":{"start":{"line":77,"column":23},"end":{"line":77,"column":83}},"35":{"start":{"line":78,"column":26},"end":{"line":78,"column":76}},"36":{"start":{"line":81,"column":24},"end":{"line":84,"column":5}},"37":{"start":{"line":85,"column":23},"end":{"line":85,"column":62}},"38":{"start":{"line":86,"column":23},"end":{"line":86,"column":58}},"39":{"start":{"line":91,"column":27},"end":{"line":91,"column":45}},"40":{"start":{"line":92,"column":26},"end":{"line":92,"column":34}},"41":{"start":{"line":93,"column":17},"end":{"line":93,"column":18}},"42":{"start":{"line":95,"column":4},"end":{"line":99,"column":5}},"43":{"start":{"line":96,"column":21},"end":{"line":96,"column":37}},"44":{"start":{"line":97,"column":6},"end":{"line":97,"column":142}},"45":{"start":{"line":98,"column":6},"end":{"line":98,"column":33}},"46":{"start":{"line":101,"column":4},"end":{"line":104,"column":5}},"47":{"start":{"line":102,"column":6},"end":{"line":102,"column":60}},"48":{"start":{"line":103,"column":6},"end":{"line":103,"column":40}},"49":{"start":{"line":106,"column":4},"end":{"line":109,"column":5}},"50":{"start":{"line":107,"column":6},"end":{"line":107,"column":53}},"51":{"start":{"line":108,"column":6},"end":{"line":108,"column":33}},"52":{"start":{"line":111,"column":28},"end":{"line":111,"column":58}},"53":{"start":{"line":112,"column":4},"end":{"line":112,"column":46}},"54":{"start":{"line":114,"column":26},"end":{"line":122,"column":5}},"55":{"start":{"line":124,"column":21},"end":{"line":124,"column":69}},"56":{"start":{"line":126,"column":4},"end":{"line":134,"column":7}},"57":{"start":{"line":136,"column":4},"end":{"line":136,"column":23}},"58":{"start":{"line":141,"column":2},"end":{"line":210,"column":3}},"59":{"start":{"line":142,"column":19},"end":{"line":142,"column":34}},"60":{"start":{"line":143,"column":17},"end":{"line":143,"column":30}},"61":{"start":{"line":144,"column":66},"end":{"line":144,"column":74}},"62":{"start":{"line":146,"column":23},"end":{"line":149,"column":5}},"63":{"start":{"line":151,"column":4},"end":{"line":153,"column":5}},"64":{"start":{"line":152,"column":6},"end":{"line":152,"column":72}},"65":{"start":{"line":155,"column":4},"end":{"line":163,"column":5}},"66":{"start":{"line":156,"column":28},"end":{"line":159,"column":7}},"67":{"start":{"line":160,"column":6},"end":{"line":162,"column":7}},"68":{"start":{"line":161,"column":8},"end":{"line":161,"column":72}},"69":{"start":{"line":165,"column":18},"end":{"line":165,"column":20}},"70":{"start":{"line":166,"column":17},"end":{"line":166,"column":19}},"71":{"start":{"line":167,"column":17},"end":{"line":167,"column":18}},"72":{"start":{"line":169,"column":4},"end":{"line":172,"column":5}},"73":{"start":{"line":170,"column":6},"end":{"line":170,"column":49}},"74":{"start":{"line":171,"column":6},"end":{"line":171,"column":31}},"75":{"start":{"line":173,"column":4},"end":{"line":176,"column":5}},"76":{"start":{"line":174,"column":6},"end":{"line":174,"column":42}},"77":{"start":{"line":175,"column":6},"end":{"line":175,"column":24}},"78":{"start":{"line":177,"column":4},"end":{"line":180,"column":5}},"79":{"start":{"line":178,"column":6},"end":{"line":178,"column":44}},"80":{"start":{"line":179,"column":6},"end":{"line":179,"column":26}},"81":{"start":{"line":181,"column":4},"end":{"line":184,"column":5}},"82":{"start":{"line":182,"column":6},"end":{"line":182,"column":42}},"83":{"start":{"line":183,"column":6},"end":{"line":183,"column":24}},"84":{"start":{"line":185,"column":4},"end":{"line":188,"column":5}},"85":{"start":{"line":186,"column":6},"end":{"line":186,"column":54}},"86":{"start":{"line":187,"column":6},"end":{"line":187,"column":36}},"87":{"start":{"line":190,"column":4},"end":{"line":192,"column":5}},"88":{"start":{"line":191,"column":6},"end":{"line":191,"column":70}},"89":{"start":{"line":194,"column":4},"end":{"line":194,"column":30}},"90":{"start":{"line":195,"column":24},"end":{"line":200,"column":5}},"91":{"start":{"line":202,"column":22},"end":{"line":202,"column":59}},"92":{"start":{"line":204,"column":4},"end":{"line":207,"column":7}},"93":{"start":{"line":209,"column":4},"end":{"line":209,"column":23}},"94":{"start":{"line":214,"column":2},"end":{"line":230,"column":3}},"95":{"start":{"line":215,"column":19},"end":{"line":215,"column":34}},"96":{"start":{"line":216,"column":17},"end":{"line":216,"column":30}},"97":{"start":{"line":218,"column":19},"end":{"line":221,"column":5}},"98":{"start":{"line":223,"column":4},"end":{"line":225,"column":5}},"99":{"start":{"line":224,"column":6},"end":{"line":224,"column":72}},"100":{"start":{"line":227,"column":4},"end":{"line":227,"column":69}},"101":{"start":{"line":229,"column":4},"end":{"line":229,"column":23}},"102":{"start":{"line":233,"column":0},"end":{"line":238,"column":2}}},"fnMap":{"0":{"name":"createTransaction","decl":{"start":{"line":3,"column":15},"end":{"line":3,"column":32}},"loc":{"start":{"line":3,"column":49},"end":{"line":42,"column":1}},"line":3},"1":{"name":"getTransactions","decl":{"start":{"line":44,"column":15},"end":{"line":44,"column":30}},"loc":{"start":{"line":44,"column":47},"end":{"line":138,"column":1}},"line":44},"2":{"name":"updateTransaction","decl":{"start":{"line":140,"column":15},"end":{"line":140,"column":32}},"loc":{"start":{"line":140,"column":49},"end":{"line":211,"column":1}},"line":140},"3":{"name":"deleteTransaction","decl":{"start":{"line":213,"column":15},"end":{"line":213,"column":32}},"loc":{"start":{"line":213,"column":49},"end":{"line":231,"column":1}},"line":213}},"branchMap":{"0":{"loc":{"start":{"line":8,"column":4},"end":{"line":12,"column":5}},"type":"if","locations":[{"start":{"line":8,"column":4},"end":{"line":12,"column":5}},{"start":{},"end":{}}],"line":8},"1":{"loc":{"start":{"line":8,"column":8},"end":{"line":8,"column":61}},"type":"binary-expr","locations":[{"start":{"line":8,"column":8},"end":{"line":8,"column":20}},{"start":{"line":8,"column":24},"end":{"line":8,"column":29}},{"start":{"line":8,"column":33},"end":{"line":8,"column":40}},{"start":{"line":8,"column":44},"end":{"line":8,"column":61}}],"line":8},"2":{"loc":{"start":{"line":14,"column":4},"end":{"line":16,"column":5}},"type":"if","locations":[{"start":{"line":14,"column":4},"end":{"line":16,"column":5}},{"start":{},"end":{}}],"line":14},"3":{"loc":{"start":{"line":14,"column":8},"end":{"line":14,"column":47}},"type":"binary-expr","locations":[{"start":{"line":14,"column":8},"end":{"line":14,"column":25}},{"start":{"line":14,"column":29},"end":{"line":14,"column":47}}],"line":14},"4":{"loc":{"start":{"line":24,"column":4},"end":{"line":26,"column":5}},"type":"if","locations":[{"start":{"line":24,"column":4},"end":{"line":26,"column":5}},{"start":{},"end":{}}],"line":24},"5":{"loc":{"start":{"line":32,"column":42},"end":{"line":32,"column":52}},"type":"binary-expr","locations":[{"start":{"line":32,"column":42},"end":{"line":32,"column":46}},{"start":{"line":32,"column":50},"end":{"line":32,"column":52}}],"line":32},"6":{"loc":{"start":{"line":47,"column":12},"end":{"line":47,"column":20}},"type":"default-arg","locations":[{"start":{"line":47,"column":19},"end":{"line":47,"column":20}}],"line":47},"7":{"loc":{"start":{"line":47,"column":22},"end":{"line":47,"column":32}},"type":"default-arg","locations":[{"start":{"line":47,"column":30},"end":{"line":47,"column":32}}],"line":47},"8":{"loc":{"start":{"line":47,"column":60},"end":{"line":47,"column":87}},"type":"default-arg","locations":[{"start":{"line":47,"column":69},"end":{"line":47,"column":87}}],"line":47},"9":{"loc":{"start":{"line":47,"column":89},"end":{"line":47,"column":107}},"type":"default-arg","locations":[{"start":{"line":47,"column":101},"end":{"line":47,"column":107}}],"line":47},"10":{"loc":{"start":{"line":56,"column":4},"end":{"line":61,"column":5}},"type":"if","locations":[{"start":{"line":56,"column":4},"end":{"line":61,"column":5}},{"start":{},"end":{}}],"line":56},"11":{"loc":{"start":{"line":63,"column":4},"end":{"line":66,"column":5}},"type":"if","locations":[{"start":{"line":63,"column":4},"end":{"line":66,"column":5}},{"start":{},"end":{}}],"line":63},"12":{"loc":{"start":{"line":68,"column":4},"end":{"line":71,"column":5}},"type":"if","locations":[{"start":{"line":68,"column":4},"end":{"line":71,"column":5}},{"start":{},"end":{}}],"line":68},"13":{"loc":{"start":{"line":77,"column":23},"end":{"line":77,"column":83}},"type":"cond-expr","locations":[{"start":{"line":77,"column":56},"end":{"line":77,"column":62}},{"start":{"line":77,"column":65},"end":{"line":77,"column":83}}],"line":77},"14":{"loc":{"start":{"line":78,"column":26},"end":{"line":78,"column":76}},"type":"cond-expr","locations":[{"start":{"line":78,"column":62},"end":{"line":78,"column":67}},{"start":{"line":78,"column":70},"end":{"line":78,"column":76}}],"line":78},"15":{"loc":{"start":{"line":95,"column":4},"end":{"line":99,"column":5}},"type":"if","locations":[{"start":{"line":95,"column":4},"end":{"line":99,"column":5}},{"start":{},"end":{}}],"line":95},"16":{"loc":{"start":{"line":101,"column":4},"end":{"line":104,"column":5}},"type":"if","locations":[{"start":{"line":101,"column":4},"end":{"line":104,"column":5}},{"start":{},"end":{}}],"line":101},"17":{"loc":{"start":{"line":106,"column":4},"end":{"line":109,"column":5}},"type":"if","locations":[{"start":{"line":106,"column":4},"end":{"line":109,"column":5}},{"start":{},"end":{}}],"line":106},"18":{"loc":{"start":{"line":151,"column":4},"end":{"line":153,"column":5}},"type":"if","locations":[{"start":{"line":151,"column":4},"end":{"line":153,"column":5}},{"start":{},"end":{}}],"line":151},"19":{"loc":{"start":{"line":155,"column":4},"end":{"line":163,"column":5}},"type":"if","locations":[{"start":{"line":155,"column":4},"end":{"line":163,"column":5}},{"start":{},"end":{}}],"line":155},"20":{"loc":{"start":{"line":160,"column":6},"end":{"line":162,"column":7}},"type":"if","locations":[{"start":{"line":160,"column":6},"end":{"line":162,"column":7}},{"start":{},"end":{}}],"line":160},"21":{"loc":{"start":{"line":169,"column":4},"end":{"line":172,"column":5}},"type":"if","locations":[{"start":{"line":169,"column":4},"end":{"line":172,"column":5}},{"start":{},"end":{}}],"line":169},"22":{"loc":{"start":{"line":173,"column":4},"end":{"line":176,"column":5}},"type":"if","locations":[{"start":{"line":173,"column":4},"end":{"line":176,"column":5}},{"start":{},"end":{}}],"line":173},"23":{"loc":{"start":{"line":177,"column":4},"end":{"line":180,"column":5}},"type":"if","locations":[{"start":{"line":177,"column":4},"end":{"line":180,"column":5}},{"start":{},"end":{}}],"line":177},"24":{"loc":{"start":{"line":181,"column":4},"end":{"line":184,"column":5}},"type":"if","locations":[{"start":{"line":181,"column":4},"end":{"line":184,"column":5}},{"start":{},"end":{}}],"line":181},"25":{"loc":{"start":{"line":185,"column":4},"end":{"line":188,"column":5}},"type":"if","locations":[{"start":{"line":185,"column":4},"end":{"line":188,"column":5}},{"start":{},"end":{}}],"line":185},"26":{"loc":{"start":{"line":190,"column":4},"end":{"line":192,"column":5}},"type":"if","locations":[{"start":{"line":190,"column":4},"end":{"line":192,"column":5}},{"start":{},"end":{}}],"line":190},"27":{"loc":{"start":{"line":223,"column":4},"end":{"line":225,"column":5}},"type":"if","locations":[{"start":{"line":223,"column":4},"end":{"line":225,"column":5}},{"start":{},"end":{}}],"line":223}},"s":{"0":2,"1":5,"2":5,"3":5,"4":5,"5":1,"6":4,"7":1,"8":3,"9":2,"10":1,"11":1,"12":1,"13":1,"14":3,"15":3,"16":3,"17":3,"18":3,"19":3,"20":3,"21":3,"22":3,"23":1,"24":1,"25":1,"26":3,"27":0,"28":0,"29":3,"30":0,"31":0,"32":3,"33":3,"34":3,"35":3,"36":3,"37":2,"38":2,"39":2,"40":2,"41":2,"42":2,"43":1,"44":1,"45":1,"46":2,"47":0,"48":0,"49":2,"50":0,"51":0,"52":2,"53":2,"54":2,"55":2,"56":2,"57":1,"58":3,"59":3,"60":3,"61":3,"62":3,"63":3,"64":1,"65":2,"66":0,"67":0,"68":0,"69":2,"70":2,"71":2,"72":2,"73":0,"74":0,"75":2,"76":0,"77":0,"78":2,"79":1,"80":1,"81":2,"82":0,"83":0,"84":2,"85":0,"86":0,"87":2,"88":1,"89":1,"90":1,"91":1,"92":1,"93":0,"94":2,"95":2,"96":2,"97":2,"98":2,"99":1,"100":1,"101":0,"102":2},"f":{"0":5,"1":3,"2":3,"3":2},"b":{"0":[1,4],"1":[5,4,4,4],"2":[1,3],"3":[4,4],"4":[1,1],"5":[1,0],"6":[3],"7":[3],"8":[3],"9":[3],"10":[1,2],"11":[0,3],"12":[0,3],"13":[3,0],"14":[0,3],"15":[1,1],"16":[0,2],"17":[0,2],"18":[1,2],"19":[0,2],"20":[0,0],"21":[0,2],"22":[0,2],"23":[1,1],"24":[0,2],"25":[0,2],"26":[1,1],"27":[1,1]},"_coverageSchema":"1a1c01bbd47fc00a2c39e90264f33305004495a9","hash":"c31596c72ede84de131fde19e27f164ae681aca4"}
,"D:\\DevOps\\expense-tracker\\backend\\src\\middleware\\auth.middleware.js": {"path":"D:\\DevOps\\expense-tracker\\backend\\src\\middleware\\auth.middleware.js","statementMap":{"0":{"start":{"line":1,"column":12},"end":{"line":1,"column":35}},"1":{"start":{"line":4,"column":21},"end":{"line":4,"column":46}},"2":{"start":{"line":6,"column":4},"end":{"line":8,"column":12}},"3":{"start":{"line":10,"column":2},"end":{"line":12,"column":3}},"4":{"start":{"line":11,"column":4},"end":{"line":11,"column":73}},"5":{"start":{"line":14,"column":2},"end":{"line":20,"column":3}},"6":{"start":{"line":15,"column":22},"end":{"line":15,"column":76}},"7":{"start":{"line":16,"column":4},"end":{"line":16,"column":44}},"8":{"start":{"line":17,"column":4},"end":{"line":17,"column":18}},"9":{"start":{"line":19,"column":4},"end":{"line":19,"column":72}},"10":{"start":{"line":23,"column":0},"end":{"line":25,"column":2}}},"fnMap":{"0":{"name":"authenticateToken","decl":{"start":{"line":3,"column":9},"end":{"line":3,"column":26}},"loc":{"start":{"line":3,"column":43},"end":{"line":21,"column":1}},"line":3}},"branchMap":{"0":{"loc":{"start":{"line":6,"column":4},"end":{"line":8,"column":12}},"type":"cond-expr","locations":[{"start":{"line":7,"column":8},"end":{"line":7,"column":32}},{"start":{"line":8,"column":8},"end":{"line":8,"column":12}}],"line":6},"1":{"loc":{"start":{"line":6,"column":4},"end":{"line":6,"column":55}},"type":"binary-expr","locations":[{"start":{"line":6,"column":4},"end":{"line":6,"column":14}},{"start":{"line":6,"column":18},"end":{"line":6,"column":55}}],"line":6},"2":{"loc":{"start":{"line":10,"column":2},"end":{"line":12,"column":3}},"type":"if","locations":[{"start":{"line":10,"column":2},"end":{"line":12,"column":3}},{"start":{},"end":{}}],"line":10},"3":{"loc":{"start":{"line":15,"column":22},"end":{"line":15,"column":76}},"type":"binary-expr","locations":[{"start":{"line":15,"column":22},"end":{"line":15,"column":44}},{"start":{"line":15,"column":48},"end":{"line":15,"column":76}}],"line":15}},"s":{"0":2,"1":5,"2":5,"3":5,"4":2,"5":3,"6":3,"7":3,"8":1,"9":2,"10":2},"f":{"0":5},"b":{"0":[3,2],"1":[5,4],"2":[2,3],"3":[3,0]},"_coverageSchema":"1a1c01bbd47fc00a2c39e90264f33305004495a9","hash":"3f6993ce71d8a16169c0e4a6f7ba06daa9130ac7"}
,"D:\\DevOps\\expense-tracker\\backend\\src\\routes\\auth.routes.js": {"path":"D:\\DevOps\\expense-tracker\\backend\\src\\routes\\auth.routes.js","statementMap":{"0":{"start":{"line":1,"column":16},"end":{"line":1,"column":34}},"1":{"start":{"line":2,"column":35},"end":{"line":2,"column":76}},"2":{"start":{"line":3,"column":30},"end":{"line":3,"column":70}},"3":{"start":{"line":5,"column":15},"end":{"line":5,"column":31}},"4":{"start":{"line":7,"column":0},"end":{"line":7,"column":44}},"5":{"start":{"line":8,"column":0},"end":{"line":8,"column":29}},"6":{"start":{"line":9,"column":0},"end":{"line":9,"column":35}},"7":{"start":{"line":11,"column":0},"end":{"line":11,"column":24}}},"fnMap":{},"branchMap":{},"s":{"0":1,"1":1,"2":1,"3":1,"4":1,"5":1,"6":1,"7":1},"f":{},"b":{},"_coverageSchema":"1a1c01bbd47fc00a2c39e90264f33305004495a9","hash":"c745f1c87eb9d5144e8963d574036b6f2d91dc6e"}
,"D:\\DevOps\\expense-tracker\\backend\\src\\routes\\category.routes.js": {"path":"D:\\DevOps\\expense-tracker\\backend\\src\\routes\\category.routes.js","statementMap":{"0":{"start":{"line":1,"column":16},"end":{"line":1,"column":34}},"1":{"start":{"line":7,"column":4},"end":{"line":7,"column":49}},"2":{"start":{"line":8,"column":30},"end":{"line":8,"column":70}},"3":{"start":{"line":10,"column":15},"end":{"line":10,"column":31}},"4":{"start":{"line":12,"column":0},"end":{"line":12,"column":30}},"5":{"start":{"line":14,"column":0},"end":{"line":14,"column":31}},"6":{"start":{"line":15,"column":0},"end":{"line":15,"column":33}},"7":{"start":{"line":16,"column":0},"end":{"line":16,"column":35}},"8":{"start":{"line":17,"column":0},"end":{"line":17,"column":38}},"9":{"start":{"line":19,"column":0},"end":{"line":19,"column":24}}},"fnMap":{},"branchMap":{},"s":{"0":1,"1":1,"2":1,"3":1,"4":1,"5":1,"6":1,"7":1,"8":1,"9":1},"f":{},"b":{},"_coverageSchema":"1a1c01bbd47fc00a2c39e90264f33305004495a9","hash":"7c2b6cc149e446fe5bac90e90d8cbb9f2ec5d82b"}
,"D:\\DevOps\\expense-tracker\\backend\\src\\routes\\dashboard.routes.js": {"path":"D:\\DevOps\\expense-tracker\\backend\\src\\routes\\dashboard.routes.js","statementMap":{"0":{"start":{"line":1,"column":16},"end":{"line":1,"column":34}},"1":{"start":{"line":2,"column":25},"end":{"line":2,"column":71}},"2":{"start":{"line":3,"column":30},"end":{"line":3,"column":70}},"3":{"start":{"line":5,"column":15},"end":{"line":5,"column":31}},"4":{"start":{"line":7,"column":0},"end":{"line":7,"column":49}},"5":{"start":{"line":9,"column":0},"end":{"line":9,"column":24}}},"fnMap":{},"branchMap":{},"s":{"0":1,"1":1,"2":1,"3":1,"4":1,"5":1},"f":{},"b":{},"_coverageSchema":"1a1c01bbd47fc00a2c39e90264f33305004495a9","hash":"8d02798db93257bc24c05b036270a71d139bbde3"}
,"D:\\DevOps\\expense-tracker\\backend\\src\\routes\\stats.routes.js": {"path":"D:\\DevOps\\expense-tracker\\backend\\src\\routes\\stats.routes.js","statementMap":{"0":{"start":{"line":1,"column":16},"end":{"line":1,"column":34}},"1":{"start":{"line":2,"column":21},"end":{"line":2,"column":63}},"2":{"start":{"line":3,"column":30},"end":{"line":3,"column":70}},"3":{"start":{"line":5,"column":15},"end":{"line":5,"column":31}},"4":{"start":{"line":7,"column":0},"end":{"line":7,"column":45}},"5":{"start":{"line":9,"column":0},"end":{"line":9,"column":24}}},"fnMap":{},"branchMap":{},"s":{"0":1,"1":1,"2":1,"3":1,"4":1,"5":1},"f":{},"b":{},"_coverageSchema":"1a1c01bbd47fc00a2c39e90264f33305004495a9","hash":"5c57fc15c342a8390ae795d5822be412c31edb30"}
,"D:\\DevOps\\expense-tracker\\backend\\src\\routes\\transactions.routes.js": {"path":"D:\\DevOps\\expense-tracker\\backend\\src\\routes\\transactions.routes.js","statementMap":{"0":{"start":{"line":1,"column":16},"end":{"line":1,"column":34}},"1":{"start":{"line":7,"column":4},"end":{"line":7,"column":53}},"2":{"start":{"line":8,"column":30},"end":{"line":8,"column":70}},"3":{"start":{"line":10,"column":15},"end":{"line":10,"column":31}},"4":{"start":{"line":12,"column":0},"end":{"line":12,"column":55}},"5":{"start":{"line":13,"column":0},"end":{"line":13,"column":52}},"6":{"start":{"line":14,"column":0},"end":{"line":14,"column":57}},"7":{"start":{"line":15,"column":0},"end":{"line":15,"column":60}},"8":{"start":{"line":17,"column":0},"end":{"line":17,"column":24}}},"fnMap":{},"branchMap":{},"s":{"0":1,"1":1,"2":1,"3":1,"4":1,"5":1,"6":1,"7":1,"8":1},"f":{},"b":{},"_coverageSchema":"1a1c01bbd47fc00a2c39e90264f33305004495a9","hash":"51bb1335c926a886a918f9cd98acf68e97461f77"}
}
