TN:
SF:src\app.js
FN:15,(anonymous_0)
FN:25,(anonymous_1)
FN:30,(anonymous_2)
FNF:3
FNH:2
FNDA:1,(anonymous_0)
FNDA:1,(anonymous_1)
FNDA:0,(anonymous_2)
DA:1,1
DA:2,1
DA:4,1
DA:5,1
DA:6,1
DA:7,1
DA:8,1
DA:10,1
DA:12,1
DA:13,1
DA:15,1
DA:16,1
DA:19,1
DA:20,1
DA:21,1
DA:22,1
DA:23,1
DA:25,1
DA:26,1
DA:30,1
DA:31,0
DA:32,0
DA:35,1
LF:23
LH:21
BRF:0
BRH:0
end_of_record
TN:
SF:src\db.js
FNF:0
FNH:0
DA:1,1
DA:2,1
DA:4,1
DA:12,1
LF:4
LH:4
BRF:0
BRH:0
end_of_record
TN:
SF:src\controllers\auth.controller.js
FN:8,normalizeEmail
FN:12,buildUserResponse
FN:21,signToken
FN:34,register
FN:87,login
FN:130,getMe
FNF:6
FNH:6
FNDA:11,normalizeEmail
FNDA:3,buildUserResponse
FNDA:2,signToken
FNDA:6,register
FNDA:5,login
FNDA:2,getMe
DA:1,2
DA:2,2
DA:3,2
DA:5,2
DA:6,2
DA:9,11
DA:13,3
DA:22,2
DA:24,2
DA:35,6
DA:36,6
DA:37,6
DA:38,6
DA:40,6
DA:41,1
DA:46,5
DA:47,1
DA:50,4
DA:51,1
DA:56,3
DA:61,2
DA:62,1
DA:65,1
DA:67,1
DA:74,1
DA:75,1
DA:77,1
DA:83,1
DA:88,5
DA:89,5
DA:90,5
DA:92,5
DA:93,1
DA:98,4
DA:99,1
DA:102,3
DA:107,3
DA:108,1
DA:111,2
DA:112,2
DA:114,2
DA:115,1
DA:118,1
DA:120,1
DA:126,0
DA:131,2
DA:132,2
DA:137,2
DA:138,1
DA:141,1
DA:145,0
DA:149,2
LF:52
LH:50
BRDA:9,0,0,11
BRDA:9,0,1,2
BRDA:22,1,0,2
BRDA:22,1,1,0
BRDA:30,2,0,2
BRDA:30,2,1,2
BRDA:36,3,0,6
BRDA:36,3,1,1
BRDA:38,4,0,6
BRDA:38,4,1,1
BRDA:40,5,0,1
BRDA:40,5,1,5
BRDA:40,6,0,6
BRDA:40,6,1,5
BRDA:40,6,2,5
BRDA:46,7,0,1
BRDA:46,7,1,4
BRDA:50,8,0,1
BRDA:50,8,1,3
BRDA:61,9,0,1
BRDA:61,9,1,1
BRDA:90,10,0,5
BRDA:90,10,1,1
BRDA:92,11,0,1
BRDA:92,11,1,4
BRDA:92,12,0,5
BRDA:92,12,1,4
BRDA:98,13,0,1
BRDA:98,13,1,3
BRDA:107,14,0,1
BRDA:107,14,1,2
BRDA:114,15,0,1
BRDA:114,15,1,1
BRDA:137,16,0,1
BRDA:137,16,1,1
BRF:35
BRH:34
end_of_record
TN:
SF:src\controllers\category.controller.js
FN:4,getCategories
FN:21,createCategory
FN:63,updateCategory
FN:112,deleteCategory
FNF:4
FNH:4
FNDA:2,getCategories
FNDA:4,createCategory
FNDA:4,updateCategory
FNDA:3,deleteCategory
DA:1,2
DA:5,2
DA:6,2
DA:7,2
DA:14,1
DA:16,1
DA:22,4
DA:23,4
DA:24,4
DA:25,4
DA:26,4
DA:27,4
DA:29,4
DA:30,1
DA:33,3
DA:34,1
DA:38,2
DA:42,2
DA:43,1
DA:46,1
DA:53,1
DA:58,0
DA:64,4
DA:65,4
DA:66,4
DA:68,4
DA:69,1
DA:72,3
DA:73,3
DA:74,3
DA:75,3
DA:77,3
DA:78,1
DA:81,2
DA:82,0
DA:86,2
DA:90,2
DA:91,1
DA:94,1
DA:102,1
DA:107,0
DA:113,3
DA:114,3
DA:115,3
DA:117,3
DA:118,1
DA:121,2
DA:126,2
DA:127,1
DA:130,1
DA:132,0
DA:136,2
LF:52
LH:48
BRDA:24,0,0,4
BRDA:24,0,1,1
BRDA:25,1,0,4
BRDA:25,1,1,0
BRDA:26,2,0,4
BRDA:26,2,1,4
BRDA:27,3,0,4
BRDA:27,3,1,4
BRDA:29,4,0,1
BRDA:29,4,1,3
BRDA:33,5,0,1
BRDA:33,5,1,2
BRDA:42,6,0,1
BRDA:42,6,1,1
BRDA:68,7,0,1
BRDA:68,7,1,3
BRDA:68,8,0,4
BRDA:68,8,1,3
BRDA:72,9,0,3
BRDA:72,9,1,1
BRDA:73,10,0,3
BRDA:73,10,1,0
BRDA:74,11,0,3
BRDA:74,11,1,3
BRDA:75,12,0,3
BRDA:75,12,1,3
BRDA:77,13,0,1
BRDA:77,13,1,2
BRDA:81,14,0,0
BRDA:81,14,1,2
BRDA:90,15,0,1
BRDA:90,15,1,1
BRDA:99,16,0,1
BRDA:99,16,1,1
BRDA:99,17,0,1
BRDA:99,17,1,1
BRDA:117,18,0,1
BRDA:117,18,1,2
BRDA:117,19,0,3
BRDA:117,19,1,2
BRDA:126,20,0,1
BRDA:126,20,1,1
BRF:42
BRH:39
end_of_record
TN:
SF:src\controllers\dashboard.controller.js
FN:4,getDashboard
FNF:1
FNH:0
FNDA:0,getDashboard
DA:1,1
DA:5,0
DA:6,0
DA:8,0
DA:17,0
DA:18,0
DA:20,0
DA:26,0
DA:30,1
LF:9
LH:2
BRF:0
BRH:0
end_of_record
TN:
SF:src\controllers\stats.controller.js
FN:8,getStats
FN:126,(anonymous_1)
FN:130,(anonymous_2)
FN:134,(anonymous_3)
FN:139,(anonymous_4)
FNF:5
FNH:0
FNDA:0,getStats
FNDA:0,(anonymous_1)
FNDA:0,(anonymous_2)
FNDA:0,(anonymous_3)
FNDA:0,(anonymous_4)
DA:1,1
DA:9,0
DA:10,0
DA:11,0
DA:14,0
DA:15,0
DA:16,0
DA:18,0
DA:19,0
DA:20,0
DA:21,0
DA:22,0
DA:25,0
DA:26,0
DA:27,0
DA:28,0
DA:31,0
DA:32,0
DA:33,0
DA:34,0
DA:38,0
DA:47,0
DA:49,0
DA:50,0
DA:53,0
DA:68,0
DA:71,0
DA:86,0
DA:89,0
DA:103,0
DA:106,0
DA:117,0
DA:119,0
DA:126,0
DA:130,0
DA:134,0
DA:139,0
DA:146,0
DA:150,1
LF:39
LH:2
BRDA:18,0,0,0
BRDA:18,0,1,0
BRDA:25,1,0,0
BRDA:25,1,1,0
BRDA:31,2,0,0
BRDA:31,2,1,0
BRDA:31,3,0,0
BRDA:31,3,1,0
BRDA:31,3,2,0
BRF:9
BRH:0
end_of_record
TN:
SF:src\controllers\transactions.controller.js
FN:3,createTransaction
FN:44,getTransactions
FN:151,updateTransaction
FN:224,deleteTransaction
FNF:4
FNH:4
FNDA:5,createTransaction
FNDA:3,getTransactions
FNDA:3,updateTransaction
FNDA:2,deleteTransaction
DA:1,2
DA:4,5
DA:5,5
DA:6,5
DA:8,5
DA:9,1
DA:14,4
DA:15,1
DA:19,3
DA:24,2
DA:25,1
DA:28,1
DA:35,1
DA:40,1
DA:45,3
DA:46,3
DA:47,3
DA:49,3
DA:50,3
DA:52,3
DA:53,3
DA:54,3
DA:56,3
DA:58,1
DA:59,1
DA:60,1
DA:63,3
DA:64,0
DA:65,0
DA:68,3
DA:69,0
DA:70,0
DA:73,3
DA:76,3
DA:77,3
DA:78,3
DA:81,3
DA:85,2
DA:86,2
DA:89,2
DA:102,2
DA:103,2
DA:104,2
DA:106,2
DA:107,1
DA:108,1
DA:109,1
DA:112,2
DA:113,0
DA:114,0
DA:117,2
DA:118,0
DA:119,0
DA:122,2
DA:123,2
DA:125,2
DA:135,2
DA:137,2
DA:147,1
DA:152,3
DA:153,3
DA:154,3
DA:155,3
DA:157,3
DA:162,3
DA:163,1
DA:166,2
DA:167,0
DA:171,0
DA:172,0
DA:176,2
DA:177,2
DA:178,2
DA:180,2
DA:181,0
DA:182,0
DA:184,2
DA:185,0
DA:186,0
DA:188,2
DA:189,1
DA:190,1
DA:192,2
DA:193,0
DA:194,0
DA:196,2
DA:197,0
DA:198,0
DA:201,2
DA:202,1
DA:205,1
DA:206,1
DA:213,1
DA:215,1
DA:220,0
DA:225,2
DA:226,2
DA:227,2
DA:229,2
DA:234,2
DA:235,1
DA:238,1
DA:240,0
DA:244,2
LF:104
LH:83
BRDA:8,0,0,1
BRDA:8,0,1,4
BRDA:8,1,0,5
BRDA:8,1,1,4
BRDA:8,1,2,4
BRDA:8,1,3,4
BRDA:14,2,0,1
BRDA:14,2,1,3
BRDA:14,3,0,4
BRDA:14,3,1,4
BRDA:24,4,0,1
BRDA:24,4,1,1
BRDA:32,5,0,1
BRDA:32,5,1,0
BRDA:47,6,0,3
BRDA:47,7,0,3
BRDA:47,8,0,3
BRDA:47,9,0,3
BRDA:56,10,0,1
BRDA:56,10,1,2
BRDA:63,11,0,0
BRDA:63,11,1,3
BRDA:68,12,0,0
BRDA:68,12,1,3
BRDA:77,13,0,3
BRDA:77,13,1,0
BRDA:78,14,0,0
BRDA:78,14,1,3
BRDA:106,15,0,1
BRDA:106,15,1,1
BRDA:112,16,0,0
BRDA:112,16,1,2
BRDA:117,17,0,0
BRDA:117,17,1,2
BRDA:162,18,0,1
BRDA:162,18,1,2
BRDA:166,19,0,0
BRDA:166,19,1,2
BRDA:171,20,0,0
BRDA:171,20,1,0
BRDA:180,21,0,0
BRDA:180,21,1,2
BRDA:184,22,0,0
BRDA:184,22,1,2
BRDA:188,23,0,1
BRDA:188,23,1,1
BRDA:192,24,0,0
BRDA:192,24,1,2
BRDA:196,25,0,0
BRDA:196,25,1,2
BRDA:201,26,0,1
BRDA:201,26,1,1
BRDA:234,27,0,1
BRDA:234,27,1,1
BRF:54
BRH:40
end_of_record
TN:
SF:src\middleware\auth.middleware.js
FN:3,authenticateToken
FNF:1
FNH:1
FNDA:5,authenticateToken
DA:1,2
DA:4,5
DA:6,5
DA:10,5
DA:11,2
DA:14,3
DA:15,3
DA:16,3
DA:17,1
DA:19,2
DA:23,2
LF:11
LH:11
BRDA:6,0,0,3
BRDA:6,0,1,2
BRDA:6,1,0,5
BRDA:6,1,1,4
BRDA:10,2,0,2
BRDA:10,2,1,3
BRDA:15,3,0,3
BRDA:15,3,1,0
BRF:8
BRH:7
end_of_record
TN:
SF:src\routes\auth.routes.js
FNF:0
FNH:0
DA:1,1
DA:2,1
DA:3,1
DA:5,1
DA:7,1
DA:8,1
DA:9,1
DA:11,1
LF:8
LH:8
BRF:0
BRH:0
end_of_record
TN:
SF:src\routes\category.routes.js
FNF:0
FNH:0
DA:1,1
DA:7,1
DA:8,1
DA:10,1
DA:12,1
DA:14,1
DA:15,1
DA:16,1
DA:17,1
DA:19,1
LF:10
LH:10
BRF:0
BRH:0
end_of_record
TN:
SF:src\routes\dashboard.routes.js
FNF:0
FNH:0
DA:1,1
DA:2,1
DA:3,1
DA:5,1
DA:7,1
DA:9,1
LF:6
LH:6
BRF:0
BRH:0
end_of_record
TN:
SF:src\routes\stats.routes.js
FNF:0
FNH:0
DA:1,1
DA:2,1
DA:3,1
DA:5,1
DA:7,1
DA:9,1
LF:6
LH:6
BRF:0
BRH:0
end_of_record
TN:
SF:src\routes\transactions.routes.js
FNF:0
FNH:0
DA:1,1
DA:7,1
DA:8,1
DA:10,1
DA:12,1
DA:13,1
DA:14,1
DA:15,1
DA:17,1
LF:9
LH:9
BRF:0
BRH:0
end_of_record
